<?xml version="1.0" encoding="UTF-8"?>
<!-- Generated by org.testng.reporters.JUnitXMLReporter -->
<testsuite ignored="0" hostname="DESKTOP-V23L3TE" failures="0" tests="3" name="Default test" time="12.082" errors="0" timestamp="2023-05-10T13:59:58 IST">
  <testcase classname="BaseTest.Basetestcase" name="@BeforeTest setup" time="11.616">
    <failure type="com.microsoft.playwright.PlaywrightException" message="Error {
  message=&amp;apos;Navigation failed because page was closed!
=========================== logs ===========================
navigating to &amp;quot;https://dev.chswapp.com/tbgwebv2/&amp;quot;, waiting until &amp;quot;load&amp;quot;
============================================================
  name=&amp;apos;Error
  stack=&amp;apos;Error: Navigation failed because page was closed!
=========================== logs ===========================
navigating to &amp;quot;https://dev.chswapp.com/tbgwebv2/&amp;quot;, waiting until &amp;quot;load&amp;quot;
============================================================
    at C:\Users\10155\AppData\Local\Temp\playwright-java-2112400148429538690\package\lib\server\frames.js:487:13
    at async ProgressController.run (C:\Users\10155\AppData\Local\Temp\playwright-java-2112400148429538690\package\lib\server\progress.js:92:22)
    at async FrameDispatcher.goto (C:\Users\10155\AppData\Local\Temp\playwright-java-2112400148429538690\package\lib\server\dispatchers\frameDispatcher.js:75:103)
    at async DispatcherConnection.dispatch (C:\Users\10155\AppData\Local\Temp\playwright-java-2112400148429538690\package\lib\server\dispatchers\dispatcher.js:319:22)
}">
      <![CDATA[com.microsoft.playwright.PlaywrightException: Error {
  message='Navigation failed because page was closed!
=========================== logs ===========================
navigating to "https://dev.chswapp.com/tbgwebv2/", waiting until "load"
============================================================
  name='Error
  stack='Error: Navigation failed because page was closed!
=========================== logs ===========================
navigating to "https://dev.chswapp.com/tbgwebv2/", waiting until "load"
============================================================
    at C:\Users\10155\AppData\Local\Temp\playwright-java-2112400148429538690\package\lib\server\frames.js:487:13
    at async ProgressController.run (C:\Users\10155\AppData\Local\Temp\playwright-java-2112400148429538690\package\lib\server\progress.js:92:22)
    at async FrameDispatcher.goto (C:\Users\10155\AppData\Local\Temp\playwright-java-2112400148429538690\package\lib\server\dispatchers\frameDispatcher.js:75:103)
    at async DispatcherConnection.dispatch (C:\Users\10155\AppData\Local\Temp\playwright-java-2112400148429538690\package\lib\server\dispatchers\dispatcher.js:319:22)
}
at com.microsoft.playwright.impl.WaitableResult.get(WaitableResult.java:54)
at com.microsoft.playwright.impl.ChannelOwner.runUntil(ChannelOwner.java:111)
at com.microsoft.playwright.impl.Connection.sendMessage(Connection.java:119)
at com.microsoft.playwright.impl.ChannelOwner.sendMessage(ChannelOwner.java:102)
at com.microsoft.playwright.impl.FrameImpl.navigateImpl(FrameImpl.java:463)
at com.microsoft.playwright.impl.PageImpl.lambda$navigate$45(PageImpl.java:850)
at com.microsoft.playwright.impl.LoggingSupport.withLogging(LoggingSupport.java:47)
at com.microsoft.playwright.impl.ChannelOwner.withLogging(ChannelOwner.java:87)
at com.microsoft.playwright.impl.PageImpl.navigate(PageImpl.java:850)
at com.microsoft.playwright.impl.PageImpl.navigate(PageImpl.java:41)
at com.microsoft.playwright.Page.navigate(Page.java:5167)
at TBGPage.PlaywrightFactory.initbrowser(PlaywrightFactory.java:72)
at BaseTest.Basetestcase.setup(Basetestcase.java:33)
at java.base/jdk.internal.reflect.NativeMethodAccessorImpl.invoke0(Native Method)
at java.base/jdk.internal.reflect.NativeMethodAccessorImpl.invoke(NativeMethodAccessorImpl.java:77)
at java.base/jdk.internal.reflect.DelegatingMethodAccessorImpl.invoke(DelegatingMethodAccessorImpl.java:43)
at java.base/java.lang.reflect.Method.invoke(Method.java:568)
at org.testng.internal.invokers.MethodInvocationHelper.invokeMethod(MethodInvocationHelper.java:139)
at org.testng.internal.invokers.MethodInvocationHelper.invokeMethodConsideringTimeout(MethodInvocationHelper.java:69)
at org.testng.internal.invokers.ConfigInvoker.invokeConfigurationMethod(ConfigInvoker.java:361)
at org.testng.internal.invokers.ConfigInvoker.invokeConfigurations(ConfigInvoker.java:296)
at org.testng.TestRunner.invokeTestConfigurations(TestRunner.java:644)
at org.testng.TestRunner.beforeRun(TestRunner.java:633)
at org.testng.TestRunner.run(TestRunner.java:595)
at org.testng.SuiteRunner.runTest(SuiteRunner.java:437)
at org.testng.SuiteRunner.runSequentially(SuiteRunner.java:431)
at org.testng.SuiteRunner.privateRun(SuiteRunner.java:391)
at org.testng.SuiteRunner.run(SuiteRunner.java:330)
at org.testng.SuiteRunnerWorker.runSuite(SuiteRunnerWorker.java:52)
at org.testng.SuiteRunnerWorker.run(SuiteRunnerWorker.java:95)
at org.testng.TestNG.runSuitesSequentially(TestNG.java:1256)
at org.testng.TestNG.runSuitesLocally(TestNG.java:1176)
at org.testng.TestNG.runSuites(TestNG.java:1099)
at org.testng.TestNG.run(TestNG.java:1067)
at org.testng.remote.AbstractRemoteTestNG.run(AbstractRemoteTestNG.java:115)
at org.testng.remote.RemoteTestNG.initAndRun(RemoteTestNG.java:251)
at org.testng.remote.RemoteTestNG.main(RemoteTestNG.java:77)
Caused by: com.microsoft.playwright.impl.DriverException: Error {
  message='Navigation failed because page was closed!
=========================== logs ===========================
navigating to "https://dev.chswapp.com/tbgwebv2/", waiting until "load"
============================================================
  name='Error
  stack='Error: Navigation failed because page was closed!
=========================== logs ===========================
navigating to "https://dev.chswapp.com/tbgwebv2/", waiting until "load"
============================================================
    at C:\Users\10155\AppData\Local\Temp\playwright-java-2112400148429538690\package\lib\server\frames.js:487:13
    at async ProgressController.run (C:\Users\10155\AppData\Local\Temp\playwright-java-2112400148429538690\package\lib\server\progress.js:92:22)
    at async FrameDispatcher.goto (C:\Users\10155\AppData\Local\Temp\playwright-java-2112400148429538690\package\lib\server\dispatchers\frameDispatcher.js:75:103)
    at async DispatcherConnection.dispatch (C:\Users\10155\AppData\Local\Temp\playwright-java-2112400148429538690\package\lib\server\dispatchers\dispatcher.js:319:22)
}
at com.microsoft.playwright.impl.Connection.dispatch(Connection.java:201)
at com.microsoft.playwright.impl.Connection.processOneMessage(Connection.java:181)
at com.microsoft.playwright.impl.ChannelOwner.runUntil(ChannelOwner.java:109)
... 35 more
]]>
    </failure>
  </testcase> <!-- @BeforeTest setup -->
  <testcase classname="BaseTest.Basetestcase" name="@AfterTest teardown" time="0.0">
    <skipped/>
  </testcase> <!-- @AfterTest teardown -->
  <testcase classname="TBGtestcase.LoginTest" name="login" time="0.0">
    <skipped/>
  </testcase> <!-- login -->
  <testcase classname="TBGtestcase.LoginTest" name="logout" time="0.0">
    <skipped/>
  </testcase> <!-- logout -->
  <testcase classname="TBGtestcase.LoginTest" name="verifytittle" time="0.0">
    <skipped/>
  </testcase> <!-- verifytittle -->
</testsuite> <!-- Default test -->
